PancakeHouseMenu:
MenuItem:toast
MenuItem:toast10
MenuItem:egg10
MenuItem:hamburger10
MenuItem:toast11
MenuItem:egg11
MenuItem:hamburger11
MenuItem:toast12
MenuItem:egg12
MenuItem:hamburger12
MenuItem:toast13
MenuItem:egg13
MenuItem:hamburger13
MenuItem:toast14
MenuItem:egg14
MenuItem:hamburger14
MenuItem:toast15
MenuItem:egg15
MenuItem:hamburger15
MenuItem:toast16
MenuItem:egg16
MenuItem:hamburger16
MenuItem:toast17
MenuItem:egg17
MenuItem:hamburger17
DinerMenu:
MenuItem:beef0
MenuItem:chicken0
MenuItem:pork0
MenuItem:beef1
MenuItem:chicken1
MenuItem:pork1
MenuItem:beef2
MenuItem:chicken2
MenuItem:pork2
MenuItem:beef3
MenuItem:chicken3
MenuItem:pork3
MenuItem:beef4
MenuItem:chicken4
MenuItem:pork4
MenuItem:beef5
MenuItem:chicken5
MenuItem:pork5
MenuItem:beef6
MenuItem:chicken6
MenuItem:pork6
MenuItem:beef7
MenuItem:chicken7
MenuItem:pork7
MenuItem:beef8
MenuItem:chicken8
MenuItem:pork8
MenuItem:beef9
MenuItem:chicken9
MenuItem:pork9
MenuItem:beef10
MenuItem:chicken10
MenuItem:pork10
MenuItem:beef11
MenuItem:chicken11
MenuItem:pork11
MenuItem:beef12
